{"/home/carmavals/APRENDIENDO/S/skinslog/src/cipher.js": {"path":"/home/carmavals/APRENDIENDO/S/skinslog/src/cipher.js","statementMap":{"0":{"start":{"line":1,"column":15},"end":{"line":37,"column":1}},"1":{"start":{"line":4,"column":25},"end":{"line":4,"column":41}},"2":{"start":{"line":5,"column":24},"end":{"line":5,"column":26}},"3":{"start":{"line":6,"column":4},"end":{"line":15,"column":5}},"4":{"start":{"line":7,"column":24},"end":{"line":7,"column":44}},"5":{"start":{"line":8,"column":6},"end":{"line":14,"column":7}},"6":{"start":{"line":9,"column":8},"end":{"line":9,"column":84}},"7":{"start":{"line":10,"column":13},"end":{"line":14,"column":7}},"8":{"start":{"line":11,"column":8},"end":{"line":11,"column":84}},"9":{"start":{"line":13,"column":8},"end":{"line":13,"column":57}},"10":{"start":{"line":16,"column":4},"end":{"line":16,"column":24}},"11":{"start":{"line":21,"column":25},"end":{"line":21,"column":41}},"12":{"start":{"line":22,"column":27},"end":{"line":22,"column":29}},"13":{"start":{"line":23,"column":4},"end":{"line":32,"column":5}},"14":{"start":{"line":24,"column":24},"end":{"line":24,"column":44}},"15":{"start":{"line":25,"column":6},"end":{"line":31,"column":7}},"16":{"start":{"line":26,"column":8},"end":{"line":26,"column":87}},"17":{"start":{"line":27,"column":13},"end":{"line":31,"column":7}},"18":{"start":{"line":28,"column":8},"end":{"line":28,"column":87}},"19":{"start":{"line":30,"column":8},"end":{"line":30,"column":60}},"20":{"start":{"line":35,"column":4},"end":{"line":35,"column":27}}},"fnMap":{"0":{"name":"(anonymous_0)","decl":{"start":{"line":2,"column":2},"end":{"line":2,"column":3}},"loc":{"start":{"line":2,"column":25},"end":{"line":19,"column":3}},"line":2},"1":{"name":"(anonymous_1)","decl":{"start":{"line":20,"column":2},"end":{"line":20,"column":3}},"loc":{"start":{"line":20,"column":25},"end":{"line":36,"column":3}},"line":20}},"branchMap":{"0":{"loc":{"start":{"line":8,"column":6},"end":{"line":14,"column":7}},"type":"if","locations":[{"start":{"line":8,"column":6},"end":{"line":14,"column":7}},{"start":{"line":10,"column":13},"end":{"line":14,"column":7}}],"line":8},"1":{"loc":{"start":{"line":8,"column":10},"end":{"line":8,"column":49}},"type":"binary-expr","locations":[{"start":{"line":8,"column":10},"end":{"line":8,"column":27}},{"start":{"line":8,"column":31},"end":{"line":8,"column":49}}],"line":8},"2":{"loc":{"start":{"line":10,"column":13},"end":{"line":14,"column":7}},"type":"if","locations":[{"start":{"line":10,"column":13},"end":{"line":14,"column":7}},{"start":{"line":12,"column":13},"end":{"line":14,"column":7}}],"line":10},"3":{"loc":{"start":{"line":10,"column":17},"end":{"line":10,"column":55}},"type":"binary-expr","locations":[{"start":{"line":10,"column":17},"end":{"line":10,"column":34}},{"start":{"line":10,"column":38},"end":{"line":10,"column":55}}],"line":10},"4":{"loc":{"start":{"line":25,"column":6},"end":{"line":31,"column":7}},"type":"if","locations":[{"start":{"line":25,"column":6},"end":{"line":31,"column":7}},{"start":{"line":27,"column":13},"end":{"line":31,"column":7}}],"line":25},"5":{"loc":{"start":{"line":25,"column":10},"end":{"line":25,"column":49}},"type":"binary-expr","locations":[{"start":{"line":25,"column":10},"end":{"line":25,"column":27}},{"start":{"line":25,"column":31},"end":{"line":25,"column":49}}],"line":25},"6":{"loc":{"start":{"line":27,"column":13},"end":{"line":31,"column":7}},"type":"if","locations":[{"start":{"line":27,"column":13},"end":{"line":31,"column":7}},{"start":{"line":29,"column":13},"end":{"line":31,"column":7}}],"line":27},"7":{"loc":{"start":{"line":27,"column":17},"end":{"line":27,"column":55}},"type":"binary-expr","locations":[{"start":{"line":27,"column":17},"end":{"line":27,"column":34}},{"start":{"line":27,"column":38},"end":{"line":27,"column":55}}],"line":27}},"s":{"0":1,"1":5,"2":1,"3":1,"4":26,"5":26,"6":0,"7":26,"8":26,"9":0,"10":1,"11":5,"12":1,"13":1,"14":26,"15":26,"16":0,"17":26,"18":26,"19":0,"20":1},"f":{"0":5,"1":5},"b":{"0":[0,26],"1":[26,0],"2":[26,0],"3":[26,26],"4":[0,26],"5":[26,0],"6":[26,0],"7":[26,26]},"_coverageSchema":"1a1c01bbd47fc00a2c39e90264f33305004495a9","hash":"389db2f7c160de19b8ef85cb00fc53a9205bc71e"}
}
