TN:
SF:src/cipher.js
FN:2,(anonymous_0)
FN:20,(anonymous_1)
FNF:2
FNH:2
FNDA:5,(anonymous_0)
FNDA:5,(anonymous_1)
DA:1,1
DA:4,5
DA:5,1
DA:6,1
DA:7,26
DA:8,26
DA:9,0
DA:10,26
DA:11,26
DA:13,0
DA:16,1
DA:21,5
DA:22,1
DA:23,1
DA:24,26
DA:25,26
DA:26,0
DA:27,26
DA:28,26
DA:30,0
DA:35,1
LF:21
LH:17
BRDA:8,0,0,0
BRDA:8,0,1,26
BRDA:8,1,0,26
BRDA:8,1,1,0
BRDA:10,2,0,26
BRDA:10,2,1,0
BRDA:10,3,0,26
BRDA:10,3,1,26
BRDA:25,4,0,0
BRDA:25,4,1,26
BRDA:25,5,0,26
BRDA:25,5,1,0
BRDA:27,6,0,26
BRDA:27,6,1,0
BRDA:27,7,0,26
BRDA:27,7,1,26
BRF:16
BRH:10
end_of_record
